2021-10-11 23:28:46.478  INFO 22808 --- [main] tn.esprit.spring.test.EntrepriseTest     : Starting EntrepriseTest on DESKTOP-JD2SC1T with PID 22808 (started by Amrouch in E:\4eme\Spring-wrokspace\devopsProject)
2021-10-11 23:28:46.479  INFO 22808 --- [main] tn.esprit.spring.test.EntrepriseTest     : No active profile set, falling back to default profiles: default
2021-10-11 23:28:46.946  INFO 22808 --- [main] .s.d.r.c.RepositoryConfigurationDelegate : Bootstrapping Spring Data repositories in DEFAULT mode.
2021-10-11 23:28:47.044  INFO 22808 --- [main] .s.d.r.c.RepositoryConfigurationDelegate : Finished Spring Data repository scanning in 88ms. Found 6 repository interfaces.
2021-10-11 23:28:47.360  INFO 22808 --- [main] trationDelegate$BeanPostProcessorChecker : Bean 'org.springframework.transaction.annotation.ProxyTransactionManagementConfiguration' of type [org.springframework.transaction.annotation.ProxyTransactionManagementConfiguration$$EnhancerBySpringCGLIB$$4491119] is not eligible for getting processed by all BeanPostProcessors (for example: not eligible for auto-proxying)
2021-10-11 23:28:47.524  INFO 22808 --- [main] com.zaxxer.hikari.HikariDataSource       : HikariPool-1 - Starting...
2021-10-11 23:28:47.673  INFO 22808 --- [main] com.zaxxer.hikari.HikariDataSource       : HikariPool-1 - Start completed.
2021-10-11 23:28:47.717  INFO 22808 --- [main] o.hibernate.jpa.internal.util.LogHelper  : HHH000204: Processing PersistenceUnitInfo [
	name: default
	...]
2021-10-11 23:28:47.770  INFO 22808 --- [main] org.hibernate.Version                    : HHH000412: Hibernate Core {5.3.9.Final}
2021-10-11 23:28:47.771  INFO 22808 --- [main] org.hibernate.cfg.Environment            : HHH000206: hibernate.properties not found
2021-10-11 23:28:47.910  INFO 22808 --- [main] o.hibernate.annotations.common.Version   : HCANN000001: Hibernate Commons Annotations {5.0.4.Final}
2021-10-11 23:28:48.181  INFO 22808 --- [main] org.hibernate.dialect.Dialect            : HHH000400: Using dialect: org.hibernate.dialect.MySQL5Dialect
2021-10-11 23:28:48.850  INFO 22808 --- [main] j.LocalContainerEntityManagerFactoryBean : Initialized JPA EntityManagerFactory for persistence unit 'default'
2021-10-11 23:28:49.080  INFO 22808 --- [main] o.h.h.i.QueryTranslatorFactoryInitiator  : HHH000397: Using ASTQueryTranslatorFactory
2021-10-11 23:28:49.777  INFO 22808 --- [main] o.s.s.concurrent.ThreadPoolTaskExecutor  : Initializing ExecutorService 'applicationTaskExecutor'
2021-10-11 23:28:49.824  WARN 22808 --- [main] aWebConfiguration$JpaWebMvcConfiguration : spring.jpa.open-in-view is enabled by default. Therefore, database queries may be performed during view rendering. Explicitly configure spring.jpa.open-in-view to disable this warning
2021-10-11 23:28:50.239  INFO 22808 --- [main] tn.esprit.spring.test.EntrepriseTest     : Started EntrepriseTest in 3.944 seconds (JVM running for 4.527)
2021-10-11 23:28:50.288  INFO 22808 --- [main] tn.esprit.spring.test.EntrepriseTest     : ***startup test***
2021-10-11 23:28:50.351  INFO 22808 --- [main] tn.esprit.spring.test.EntrepriseTest     :  Entreprise ajoute: Entreprise [id=5, name=Esprit, raisonSocial=12]
2021-10-11 23:28:50.351  INFO 22808 --- [main] tn.esprit.spring.test.EntrepriseTest     :  Departemnet ajoute: Departement [id=5, name=spring, entreprise=null]
2021-10-11 23:28:50.351  INFO 22808 --- [main] tn.esprit.spring.test.EntrepriseTest     : ***test***
2021-10-11 23:28:50.388  INFO 22808 --- [main] tn.esprit.spring.test.EntrepriseTest     : Departement modifie : Departement [id=5, name=spring, entreprise=Entreprise [id=5, name=Esprit, raisonSocial=12]]
2021-10-11 23:28:50.389  INFO 22808 --- [main] tn.esprit.spring.test.EntrepriseTest     : End
2021-10-11 23:28:50.429  INFO 22808 --- [Thread-2] o.s.s.concurrent.ThreadPoolTaskExecutor  : Shutting down ExecutorService 'applicationTaskExecutor'
2021-10-11 23:28:50.431  INFO 22808 --- [Thread-2] j.LocalContainerEntityManagerFactoryBean : Closing JPA EntityManagerFactory for persistence unit 'default'
2021-10-11 23:28:50.433  INFO 22808 --- [Thread-2] com.zaxxer.hikari.HikariDataSource       : HikariPool-1 - Shutdown initiated...
2021-10-11 23:28:50.436  INFO 22808 --- [Thread-2] com.zaxxer.hikari.HikariDataSource       : HikariPool-1 - Shutdown completed.
