2021-11-04 16:58:17.508  INFO 8852 --- [main] tn.esprit.spring.test.EmployeTest        : Starting EmployeTest on DESKTOP-JD2SC1T with PID 8852 (started by Amrouch in E:\4eme\Spring-wrokspace\devopsProject)
2021-11-04 16:58:17.512  INFO 8852 --- [main] tn.esprit.spring.test.EmployeTest        : No active profile set, falling back to default profiles: default
2021-11-04 16:58:18.065  INFO 8852 --- [main] .s.d.r.c.RepositoryConfigurationDelegate : Bootstrapping Spring Data repositories in DEFAULT mode.
2021-11-04 16:58:18.135  INFO 8852 --- [main] .s.d.r.c.RepositoryConfigurationDelegate : Finished Spring Data repository scanning in 63ms. Found 6 repository interfaces.
2021-11-04 16:58:18.434  INFO 8852 --- [main] trationDelegate$BeanPostProcessorChecker : Bean 'org.springframework.transaction.annotation.ProxyTransactionManagementConfiguration' of type [org.springframework.transaction.annotation.ProxyTransactionManagementConfiguration$$EnhancerBySpringCGLIB$$a4549125] is not eligible for getting processed by all BeanPostProcessors (for example: not eligible for auto-proxying)
2021-11-04 16:58:18.614  INFO 8852 --- [main] com.zaxxer.hikari.HikariDataSource       : HikariPool-1 - Starting...
2021-11-04 16:58:18.722  INFO 8852 --- [main] com.zaxxer.hikari.HikariDataSource       : HikariPool-1 - Start completed.
2021-11-04 16:58:18.773  INFO 8852 --- [main] o.hibernate.jpa.internal.util.LogHelper  : HHH000204: Processing PersistenceUnitInfo [
	name: default
	...]
2021-11-04 16:58:18.817  INFO 8852 --- [main] org.hibernate.Version                    : HHH000412: Hibernate Core {5.3.9.Final}
2021-11-04 16:58:18.818  INFO 8852 --- [main] org.hibernate.cfg.Environment            : HHH000206: hibernate.properties not found
2021-11-04 16:58:18.929  INFO 8852 --- [main] o.hibernate.annotations.common.Version   : HCANN000001: Hibernate Commons Annotations {5.0.4.Final}
2021-11-04 16:58:19.117  INFO 8852 --- [main] org.hibernate.dialect.Dialect            : HHH000400: Using dialect: org.hibernate.dialect.MySQL5Dialect
2021-11-04 16:58:19.878  INFO 8852 --- [main] j.LocalContainerEntityManagerFactoryBean : Initialized JPA EntityManagerFactory for persistence unit 'default'
2021-11-04 16:58:20.108  INFO 8852 --- [main] o.h.h.i.QueryTranslatorFactoryInitiator  : HHH000397: Using ASTQueryTranslatorFactory
2021-11-04 16:58:20.874  INFO 8852 --- [main] o.s.s.concurrent.ThreadPoolTaskExecutor  : Initializing ExecutorService 'applicationTaskExecutor'
2021-11-04 16:58:20.921  WARN 8852 --- [main] aWebConfiguration$JpaWebMvcConfiguration : spring.jpa.open-in-view is enabled by default. Therefore, database queries may be performed during view rendering. Explicitly configure spring.jpa.open-in-view to disable this warning
2021-11-04 16:58:21.191  INFO 8852 --- [main] tn.esprit.spring.test.EmployeTest        : Started EmployeTest in 3.903 seconds (JVM running for 4.484)
2021-11-04 16:58:21.313  INFO 8852 --- [main] tn.esprit.spring.test.EmployeTest        : startup - Ajouter Employe et departement
2021-11-04 16:58:21.377  INFO 8852 --- [main] tn.esprit.spring.test.EmployeTest        : update email employe :
2021-11-04 16:58:21.431  INFO 8852 --- [main] tn.esprit.spring.test.EmployeTest        : affecte employe a departement :
2021-11-04 16:58:21.439  INFO 8852 --- [main] tn.esprit.spring.test.EmployeTest        : Delete employe
2021-11-04 16:58:21.460  INFO 8852 --- [main] tn.esprit.spring.test.EmployeTest        : Delete departement
2021-11-04 16:58:21.474  INFO 8852 --- [main] tn.esprit.spring.test.EmployeTest        : End
2021-11-04 16:58:21.487  INFO 8852 --- [main] .b.t.c.SpringBootTestContextBootstrapper : Neither @ContextConfiguration nor @ContextHierarchy found for test class [tn.esprit.spring.test.EntrepriseTest], using SpringBootContextLoader
2021-11-04 16:58:21.489  INFO 8852 --- [main] o.s.t.c.support.AbstractContextLoader    : Could not detect default resource locations for test class [tn.esprit.spring.test.EntrepriseTest]: no resource found for suffixes {-context.xml, Context.groovy}.
2021-11-04 16:58:21.490  INFO 8852 --- [main] t.c.s.AnnotationConfigContextLoaderUtils : Could not detect default configuration classes for test class [tn.esprit.spring.test.EntrepriseTest]: EntrepriseTest does not declare any static, non-private, non-final, nested classes annotated with @Configuration.
2021-11-04 16:58:21.493  INFO 8852 --- [main] .b.t.c.SpringBootTestContextBootstrapper : Found @SpringBootConfiguration tn.esprit.spring.TimesheetSpringBootCoreDataJpaMvcRest1Application for test class tn.esprit.spring.test.EntrepriseTest
2021-11-04 16:58:21.636  INFO 8852 --- [main] .b.t.c.SpringBootTestContextBootstrapper : Loaded default TestExecutionListener class names from location [META-INF/spring.factories]: [org.springframework.boot.test.mock.mockito.MockitoTestExecutionListener, org.springframework.boot.test.mock.mockito.ResetMocksTestExecutionListener, org.springframework.boot.test.autoconfigure.restdocs.RestDocsTestExecutionListener, org.springframework.boot.test.autoconfigure.web.client.MockRestServiceServerResetTestExecutionListener, org.springframework.boot.test.autoconfigure.web.servlet.MockMvcPrintOnlyOnFailureTestExecutionListener, org.springframework.boot.test.autoconfigure.web.servlet.WebDriverTestExecutionListener, org.springframework.test.context.web.ServletTestExecutionListener, org.springframework.test.context.support.DirtiesContextBeforeModesTestExecutionListener, org.springframework.test.context.support.DependencyInjectionTestExecutionListener, org.springframework.test.context.support.DirtiesContextTestExecutionListener, org.springframework.test.context.transaction.TransactionalTestExecutionListener, org.springframework.test.context.jdbc.SqlScriptsTestExecutionListener]
2021-11-04 16:58:21.636  INFO 8852 --- [main] .b.t.c.SpringBootTestContextBootstrapper : Using TestExecutionListeners: [org.springframework.test.context.web.ServletTestExecutionListener@2b9bbaa8, org.springframework.test.context.support.DirtiesContextBeforeModesTestExecutionListener@11771fd6, org.springframework.boot.test.mock.mockito.MockitoTestExecutionListener@1c512bb, org.springframework.boot.test.autoconfigure.SpringBootDependencyInjectionTestExecutionListener@4d142b53, org.springframework.test.context.support.DirtiesContextTestExecutionListener@3bac86a3, org.springframework.test.context.transaction.TransactionalTestExecutionListener@128ca7af, org.springframework.test.context.jdbc.SqlScriptsTestExecutionListener@3bf52f8f, org.springframework.boot.test.mock.mockito.ResetMocksTestExecutionListener@57d7c511, org.springframework.boot.test.autoconfigure.restdocs.RestDocsTestExecutionListener@811d8d6, org.springframework.boot.test.autoconfigure.web.client.MockRestServiceServerResetTestExecutionListener@7f57a7a4, org.springframework.boot.test.autoconfigure.web.servlet.MockMvcPrintOnlyOnFailureTestExecutionListener@6dcc7696, org.springframework.boot.test.autoconfigure.web.servlet.WebDriverTestExecutionListener@45ac973]
2021-11-04 16:58:21.639  INFO 8852 --- [main] tn.esprit.spring.test.EntrepriseTest     : ***startup test***
2021-11-04 16:58:21.652  INFO 8852 --- [main] tn.esprit.spring.test.EntrepriseTest     :  Entreprise ajoute: Entreprise [id=8, name=Esprit, raisonSocial=12]
2021-11-04 16:58:21.653  INFO 8852 --- [main] tn.esprit.spring.test.EntrepriseTest     :  Departemnet ajoute: Departement [id=8, name=spring, entreprise=null]
2021-11-04 16:58:21.653  INFO 8852 --- [main] tn.esprit.spring.test.EntrepriseTest     : ***test***
2021-11-04 16:58:21.685  INFO 8852 --- [main] tn.esprit.spring.test.EntrepriseTest     : Departement modifie : Departement [id=8, name=spring, entreprise=Entreprise [id=8, name=Esprit, raisonSocial=12]]
2021-11-04 16:58:21.686  INFO 8852 --- [main] tn.esprit.spring.test.EntrepriseTest     : End
2021-11-04 16:58:21.717  INFO 8852 --- [Thread-1] o.s.s.concurrent.ThreadPoolTaskExecutor  : Shutting down ExecutorService 'applicationTaskExecutor'
2021-11-04 16:58:21.719  INFO 8852 --- [Thread-1] j.LocalContainerEntityManagerFactoryBean : Closing JPA EntityManagerFactory for persistence unit 'default'
2021-11-04 16:58:21.723  INFO 8852 --- [Thread-1] com.zaxxer.hikari.HikariDataSource       : HikariPool-1 - Shutdown initiated...
2021-11-04 16:58:21.727  INFO 8852 --- [Thread-1] com.zaxxer.hikari.HikariDataSource       : HikariPool-1 - Shutdown completed.
2021-11-04 17:00:16.308  INFO 2292 --- [main] tn.esprit.spring.test.EntrepriseTest     : Starting EntrepriseTest on DESKTOP-JD2SC1T with PID 2292 (started by Amrouch in E:\4eme\Spring-wrokspace\devopsProject)
2021-11-04 17:00:16.309  INFO 2292 --- [main] tn.esprit.spring.test.EntrepriseTest     : No active profile set, falling back to default profiles: default
2021-11-04 17:00:16.915  INFO 2292 --- [main] .s.d.r.c.RepositoryConfigurationDelegate : Bootstrapping Spring Data repositories in DEFAULT mode.
2021-11-04 17:00:16.978  INFO 2292 --- [main] .s.d.r.c.RepositoryConfigurationDelegate : Finished Spring Data repository scanning in 56ms. Found 6 repository interfaces.
2021-11-04 17:00:17.303  INFO 2292 --- [main] trationDelegate$BeanPostProcessorChecker : Bean 'org.springframework.transaction.annotation.ProxyTransactionManagementConfiguration' of type [org.springframework.transaction.annotation.ProxyTransactionManagementConfiguration$$EnhancerBySpringCGLIB$$c94f58e1] is not eligible for getting processed by all BeanPostProcessors (for example: not eligible for auto-proxying)
2021-11-04 17:00:17.481  INFO 2292 --- [main] com.zaxxer.hikari.HikariDataSource       : HikariPool-1 - Starting...
2021-11-04 17:00:17.610  INFO 2292 --- [main] com.zaxxer.hikari.HikariDataSource       : HikariPool-1 - Start completed.
2021-11-04 17:00:17.667  INFO 2292 --- [main] o.hibernate.jpa.internal.util.LogHelper  : HHH000204: Processing PersistenceUnitInfo [
	name: default
	...]
2021-11-04 17:00:17.712  INFO 2292 --- [main] org.hibernate.Version                    : HHH000412: Hibernate Core {5.3.9.Final}
2021-11-04 17:00:17.713  INFO 2292 --- [main] org.hibernate.cfg.Environment            : HHH000206: hibernate.properties not found
2021-11-04 17:00:17.823  INFO 2292 --- [main] o.hibernate.annotations.common.Version   : HCANN000001: Hibernate Commons Annotations {5.0.4.Final}
2021-11-04 17:00:18.020  INFO 2292 --- [main] org.hibernate.dialect.Dialect            : HHH000400: Using dialect: org.hibernate.dialect.MySQL5Dialect
2021-11-04 17:00:18.732  INFO 2292 --- [main] j.LocalContainerEntityManagerFactoryBean : Initialized JPA EntityManagerFactory for persistence unit 'default'
2021-11-04 17:00:19.002  INFO 2292 --- [main] o.h.h.i.QueryTranslatorFactoryInitiator  : HHH000397: Using ASTQueryTranslatorFactory
2021-11-04 17:00:19.908  INFO 2292 --- [main] o.s.s.concurrent.ThreadPoolTaskExecutor  : Initializing ExecutorService 'applicationTaskExecutor'
2021-11-04 17:00:19.954  WARN 2292 --- [main] aWebConfiguration$JpaWebMvcConfiguration : spring.jpa.open-in-view is enabled by default. Therefore, database queries may be performed during view rendering. Explicitly configure spring.jpa.open-in-view to disable this warning
2021-11-04 17:00:20.218  INFO 2292 --- [main] tn.esprit.spring.test.EntrepriseTest     : Started EntrepriseTest in 4.127 seconds (JVM running for 4.835)
2021-11-04 17:00:20.336  INFO 2292 --- [main] tn.esprit.spring.test.EntrepriseTest     : ***startup test***
2021-11-04 17:00:20.411  INFO 2292 --- [main] tn.esprit.spring.test.EntrepriseTest     :  Entreprise ajoute: Entreprise [id=9, name=Esprit, raisonSocial=12]
2021-11-04 17:00:20.411  INFO 2292 --- [main] tn.esprit.spring.test.EntrepriseTest     :  Departemnet ajoute: Departement [id=9, name=spring, entreprise=null]
2021-11-04 17:00:20.411  INFO 2292 --- [main] tn.esprit.spring.test.EntrepriseTest     : ***test***
2021-11-04 17:00:20.462  INFO 2292 --- [main] tn.esprit.spring.test.EntrepriseTest     : Departement modifie : Departement [id=9, name=spring, entreprise=Entreprise [id=9, name=Esprit, raisonSocial=12]]
2021-11-04 17:00:20.464  INFO 2292 --- [main] tn.esprit.spring.test.EntrepriseTest     : End
2021-11-04 17:00:20.502  INFO 2292 --- [Thread-1] o.s.s.concurrent.ThreadPoolTaskExecutor  : Shutting down ExecutorService 'applicationTaskExecutor'
2021-11-04 17:00:20.503  INFO 2292 --- [Thread-1] j.LocalContainerEntityManagerFactoryBean : Closing JPA EntityManagerFactory for persistence unit 'default'
2021-11-04 17:00:20.514  INFO 2292 --- [Thread-1] com.zaxxer.hikari.HikariDataSource       : HikariPool-1 - Shutdown initiated...
2021-11-04 17:00:20.521  INFO 2292 --- [Thread-1] com.zaxxer.hikari.HikariDataSource       : HikariPool-1 - Shutdown completed.
2021-11-04 17:02:51.154  INFO 7644 --- [main] tn.esprit.spring.test.EmployeTest        : Starting EmployeTest on DESKTOP-JD2SC1T with PID 7644 (started by Amrouch in E:\4eme\Spring-wrokspace\devopsProject)
2021-11-04 17:02:51.156  INFO 7644 --- [main] tn.esprit.spring.test.EmployeTest        : No active profile set, falling back to default profiles: default
2021-11-04 17:02:51.822  INFO 7644 --- [main] .s.d.r.c.RepositoryConfigurationDelegate : Bootstrapping Spring Data repositories in DEFAULT mode.
2021-11-04 17:02:51.898  INFO 7644 --- [main] .s.d.r.c.RepositoryConfigurationDelegate : Finished Spring Data repository scanning in 68ms. Found 6 repository interfaces.
2021-11-04 17:02:52.264  INFO 7644 --- [main] trationDelegate$BeanPostProcessorChecker : Bean 'org.springframework.transaction.annotation.ProxyTransactionManagementConfiguration' of type [org.springframework.transaction.annotation.ProxyTransactionManagementConfiguration$$EnhancerBySpringCGLIB$$f4e95e71] is not eligible for getting processed by all BeanPostProcessors (for example: not eligible for auto-proxying)
2021-11-04 17:02:52.494  INFO 7644 --- [main] com.zaxxer.hikari.HikariDataSource       : HikariPool-1 - Starting...
2021-11-04 17:02:52.607  INFO 7644 --- [main] com.zaxxer.hikari.HikariDataSource       : HikariPool-1 - Start completed.
2021-11-04 17:02:52.667  INFO 7644 --- [main] o.hibernate.jpa.internal.util.LogHelper  : HHH000204: Processing PersistenceUnitInfo [
	name: default
	...]
2021-11-04 17:02:52.719  INFO 7644 --- [main] org.hibernate.Version                    : HHH000412: Hibernate Core {5.3.9.Final}
2021-11-04 17:02:52.721  INFO 7644 --- [main] org.hibernate.cfg.Environment            : HHH000206: hibernate.properties not found
2021-11-04 17:02:52.848  INFO 7644 --- [main] o.hibernate.annotations.common.Version   : HCANN000001: Hibernate Commons Annotations {5.0.4.Final}
2021-11-04 17:02:53.044  INFO 7644 --- [main] org.hibernate.dialect.Dialect            : HHH000400: Using dialect: org.hibernate.dialect.MySQL5Dialect
2021-11-04 17:02:53.807  INFO 7644 --- [main] j.LocalContainerEntityManagerFactoryBean : Initialized JPA EntityManagerFactory for persistence unit 'default'
2021-11-04 17:02:54.096  INFO 7644 --- [main] o.h.h.i.QueryTranslatorFactoryInitiator  : HHH000397: Using ASTQueryTranslatorFactory
2021-11-04 17:02:54.815  INFO 7644 --- [main] o.s.s.concurrent.ThreadPoolTaskExecutor  : Initializing ExecutorService 'applicationTaskExecutor'
2021-11-04 17:02:54.868  WARN 7644 --- [main] aWebConfiguration$JpaWebMvcConfiguration : spring.jpa.open-in-view is enabled by default. Therefore, database queries may be performed during view rendering. Explicitly configure spring.jpa.open-in-view to disable this warning
2021-11-04 17:02:55.162  INFO 7644 --- [main] tn.esprit.spring.test.EmployeTest        : Started EmployeTest in 4.259 seconds (JVM running for 4.91)
2021-11-04 17:02:55.283  INFO 7644 --- [main] tn.esprit.spring.test.EmployeTest        : startup - Ajouter Employe et departement
2021-11-04 17:02:55.370  INFO 7644 --- [main] tn.esprit.spring.test.EmployeTest        : update email employe :
2021-11-04 17:02:55.426  INFO 7644 --- [main] tn.esprit.spring.test.EmployeTest        : affecte employe a departement :
2021-11-04 17:02:55.452  INFO 7644 --- [main] tn.esprit.spring.test.EmployeTest        : desaffecte employe a departement :
2021-11-04 17:02:55.477  INFO 7644 --- [main] tn.esprit.spring.test.EmployeTest        : Delete employe
2021-11-04 17:02:55.505  INFO 7644 --- [main] tn.esprit.spring.test.EmployeTest        : Delete departement
2021-11-04 17:02:55.518  INFO 7644 --- [main] tn.esprit.spring.test.EmployeTest        : End
2021-11-04 17:02:55.524  INFO 7644 --- [main] .b.t.c.SpringBootTestContextBootstrapper : Neither @ContextConfiguration nor @ContextHierarchy found for test class [tn.esprit.spring.test.EntrepriseTest], using SpringBootContextLoader
2021-11-04 17:02:55.525  INFO 7644 --- [main] o.s.t.c.support.AbstractContextLoader    : Could not detect default resource locations for test class [tn.esprit.spring.test.EntrepriseTest]: no resource found for suffixes {-context.xml, Context.groovy}.
2021-11-04 17:02:55.525  INFO 7644 --- [main] t.c.s.AnnotationConfigContextLoaderUtils : Could not detect default configuration classes for test class [tn.esprit.spring.test.EntrepriseTest]: EntrepriseTest does not declare any static, non-private, non-final, nested classes annotated with @Configuration.
2021-11-04 17:02:55.530  INFO 7644 --- [main] .b.t.c.SpringBootTestContextBootstrapper : Found @SpringBootConfiguration tn.esprit.spring.TimesheetSpringBootCoreDataJpaMvcRest1Application for test class tn.esprit.spring.test.EntrepriseTest
2021-11-04 17:02:55.532  INFO 7644 --- [main] .b.t.c.SpringBootTestContextBootstrapper : Loaded default TestExecutionListener class names from location [META-INF/spring.factories]: [org.springframework.boot.test.mock.mockito.MockitoTestExecutionListener, org.springframework.boot.test.mock.mockito.ResetMocksTestExecutionListener, org.springframework.boot.test.autoconfigure.restdocs.RestDocsTestExecutionListener, org.springframework.boot.test.autoconfigure.web.client.MockRestServiceServerResetTestExecutionListener, org.springframework.boot.test.autoconfigure.web.servlet.MockMvcPrintOnlyOnFailureTestExecutionListener, org.springframework.boot.test.autoconfigure.web.servlet.WebDriverTestExecutionListener, org.springframework.test.context.web.ServletTestExecutionListener, org.springframework.test.context.support.DirtiesContextBeforeModesTestExecutionListener, org.springframework.test.context.support.DependencyInjectionTestExecutionListener, org.springframework.test.context.support.DirtiesContextTestExecutionListener, org.springframework.test.context.transaction.TransactionalTestExecutionListener, org.springframework.test.context.jdbc.SqlScriptsTestExecutionListener]
2021-11-04 17:02:55.533  INFO 7644 --- [main] .b.t.c.SpringBootTestContextBootstrapper : Using TestExecutionListeners: [org.springframework.test.context.web.ServletTestExecutionListener@3b95fce9, org.springframework.test.context.support.DirtiesContextBeforeModesTestExecutionListener@f26cd76, org.springframework.boot.test.mock.mockito.MockitoTestExecutionListener@78805df3, org.springframework.boot.test.autoconfigure.SpringBootDependencyInjectionTestExecutionListener@65a8c306, org.springframework.test.context.support.DirtiesContextTestExecutionListener@71ce19ee, org.springframework.test.context.transaction.TransactionalTestExecutionListener@48ba37dc, org.springframework.test.context.jdbc.SqlScriptsTestExecutionListener@322f84fd, org.springframework.boot.test.mock.mockito.ResetMocksTestExecutionListener@113cc14d, org.springframework.boot.test.autoconfigure.restdocs.RestDocsTestExecutionListener@10bcbbed, org.springframework.boot.test.autoconfigure.web.client.MockRestServiceServerResetTestExecutionListener@9a16af1, org.springframework.boot.test.autoconfigure.web.servlet.MockMvcPrintOnlyOnFailureTestExecutionListener@47e70f54, org.springframework.boot.test.autoconfigure.web.servlet.WebDriverTestExecutionListener@30a6984c]
2021-11-04 17:02:55.540  INFO 7644 --- [main] tn.esprit.spring.test.EntrepriseTest     : ***startup test***
2021-11-04 17:02:55.554  INFO 7644 --- [main] tn.esprit.spring.test.EntrepriseTest     :  Entreprise ajoute: Entreprise [id=10, name=Esprit, raisonSocial=12]
2021-11-04 17:02:55.554  INFO 7644 --- [main] tn.esprit.spring.test.EntrepriseTest     :  Departemnet ajoute: Departement [id=11, name=spring, entreprise=null]
2021-11-04 17:02:55.555  INFO 7644 --- [main] tn.esprit.spring.test.EntrepriseTest     : ***test***
2021-11-04 17:02:55.597  INFO 7644 --- [main] tn.esprit.spring.test.EntrepriseTest     : Departement modifie : Departement [id=11, name=spring, entreprise=Entreprise [id=10, name=Esprit, raisonSocial=12]]
2021-11-04 17:02:55.598  INFO 7644 --- [main] tn.esprit.spring.test.EntrepriseTest     : End
2021-11-04 17:02:55.644  INFO 7644 --- [Thread-1] o.s.s.concurrent.ThreadPoolTaskExecutor  : Shutting down ExecutorService 'applicationTaskExecutor'
2021-11-04 17:02:55.646  INFO 7644 --- [Thread-1] j.LocalContainerEntityManagerFactoryBean : Closing JPA EntityManagerFactory for persistence unit 'default'
2021-11-04 17:02:55.649  INFO 7644 --- [Thread-1] com.zaxxer.hikari.HikariDataSource       : HikariPool-1 - Shutdown initiated...
2021-11-04 17:02:55.655  INFO 7644 --- [Thread-1] com.zaxxer.hikari.HikariDataSource       : HikariPool-1 - Shutdown completed.
2021-11-04 17:11:48.901  INFO 22932 --- [main] tn.esprit.spring.test.EmployeTest        : Starting EmployeTest on DESKTOP-JD2SC1T with PID 22932 (started by Amrouch in E:\4eme\Spring-wrokspace\devopsProject)
2021-11-04 17:11:48.902  INFO 22932 --- [main] tn.esprit.spring.test.EmployeTest        : No active profile set, falling back to default profiles: default
2021-11-04 17:11:49.413  INFO 22932 --- [main] .s.d.r.c.RepositoryConfigurationDelegate : Bootstrapping Spring Data repositories in DEFAULT mode.
2021-11-04 17:11:49.492  INFO 22932 --- [main] .s.d.r.c.RepositoryConfigurationDelegate : Finished Spring Data repository scanning in 64ms. Found 6 repository interfaces.
2021-11-04 17:11:49.774  INFO 22932 --- [main] trationDelegate$BeanPostProcessorChecker : Bean 'org.springframework.transaction.annotation.ProxyTransactionManagementConfiguration' of type [org.springframework.transaction.annotation.ProxyTransactionManagementConfiguration$$EnhancerBySpringCGLIB$$3027eb3d] is not eligible for getting processed by all BeanPostProcessors (for example: not eligible for auto-proxying)
2021-11-04 17:11:49.939  INFO 22932 --- [main] com.zaxxer.hikari.HikariDataSource       : HikariPool-1 - Starting...
2021-11-04 17:11:50.041  INFO 22932 --- [main] com.zaxxer.hikari.HikariDataSource       : HikariPool-1 - Start completed.
2021-11-04 17:11:50.091  INFO 22932 --- [main] o.hibernate.jpa.internal.util.LogHelper  : HHH000204: Processing PersistenceUnitInfo [
	name: default
	...]
2021-11-04 17:11:50.132  INFO 22932 --- [main] org.hibernate.Version                    : HHH000412: Hibernate Core {5.3.9.Final}
2021-11-04 17:11:50.133  INFO 22932 --- [main] org.hibernate.cfg.Environment            : HHH000206: hibernate.properties not found
2021-11-04 17:11:50.247  INFO 22932 --- [main] o.hibernate.annotations.common.Version   : HCANN000001: Hibernate Commons Annotations {5.0.4.Final}
2021-11-04 17:11:50.429  INFO 22932 --- [main] org.hibernate.dialect.Dialect            : HHH000400: Using dialect: org.hibernate.dialect.MySQL5Dialect
2021-11-04 17:11:51.103  INFO 22932 --- [main] j.LocalContainerEntityManagerFactoryBean : Initialized JPA EntityManagerFactory for persistence unit 'default'
2021-11-04 17:11:51.318  INFO 22932 --- [main] o.h.h.i.QueryTranslatorFactoryInitiator  : HHH000397: Using ASTQueryTranslatorFactory
2021-11-04 17:11:51.995  INFO 22932 --- [main] o.s.s.concurrent.ThreadPoolTaskExecutor  : Initializing ExecutorService 'applicationTaskExecutor'
2021-11-04 17:11:52.040  WARN 22932 --- [main] aWebConfiguration$JpaWebMvcConfiguration : spring.jpa.open-in-view is enabled by default. Therefore, database queries may be performed during view rendering. Explicitly configure spring.jpa.open-in-view to disable this warning
2021-11-04 17:11:52.285  INFO 22932 --- [main] tn.esprit.spring.test.EmployeTest        : Started EmployeTest in 3.588 seconds (JVM running for 4.133)
2021-11-04 17:11:52.573  INFO 22932 --- [main] tn.esprit.spring.test.EmployeTest        : startup - Ajouter Employe et departement
2021-11-04 17:11:52.640  INFO 22932 --- [main] tn.esprit.spring.test.EmployeTest        : update email employe :
2021-11-04 17:11:52.685  INFO 22932 --- [main] tn.esprit.spring.test.EmployeTest        : affecte employe a departement :
2021-11-04 17:11:52.701  INFO 22932 --- [main] tn.esprit.spring.test.EmployeTest        : desaffecte employe a departement :
2021-11-04 17:11:52.715  INFO 22932 --- [main] tn.esprit.spring.test.EmployeTest        : Delete employe
2021-11-04 17:11:52.733  INFO 22932 --- [main] tn.esprit.spring.test.EmployeTest        : Delete departement
2021-11-04 17:11:52.741  INFO 22932 --- [main] tn.esprit.spring.test.EmployeTest        : End
2021-11-04 17:11:52.745  INFO 22932 --- [main] .b.t.c.SpringBootTestContextBootstrapper : Neither @ContextConfiguration nor @ContextHierarchy found for test class [tn.esprit.spring.test.EntrepriseTest], using SpringBootContextLoader
2021-11-04 17:11:52.746  INFO 22932 --- [main] o.s.t.c.support.AbstractContextLoader    : Could not detect default resource locations for test class [tn.esprit.spring.test.EntrepriseTest]: no resource found for suffixes {-context.xml, Context.groovy}.
2021-11-04 17:11:52.746  INFO 22932 --- [main] t.c.s.AnnotationConfigContextLoaderUtils : Could not detect default configuration classes for test class [tn.esprit.spring.test.EntrepriseTest]: EntrepriseTest does not declare any static, non-private, non-final, nested classes annotated with @Configuration.
2021-11-04 17:11:52.747  INFO 22932 --- [main] .b.t.c.SpringBootTestContextBootstrapper : Found @SpringBootConfiguration tn.esprit.spring.TimesheetSpringBootCoreDataJpaMvcRest1Application for test class tn.esprit.spring.test.EntrepriseTest
2021-11-04 17:11:52.748  INFO 22932 --- [main] .b.t.c.SpringBootTestContextBootstrapper : Loaded default TestExecutionListener class names from location [META-INF/spring.factories]: [org.springframework.boot.test.mock.mockito.MockitoTestExecutionListener, org.springframework.boot.test.mock.mockito.ResetMocksTestExecutionListener, org.springframework.boot.test.autoconfigure.restdocs.RestDocsTestExecutionListener, org.springframework.boot.test.autoconfigure.web.client.MockRestServiceServerResetTestExecutionListener, org.springframework.boot.test.autoconfigure.web.servlet.MockMvcPrintOnlyOnFailureTestExecutionListener, org.springframework.boot.test.autoconfigure.web.servlet.WebDriverTestExecutionListener, org.springframework.test.context.web.ServletTestExecutionListener, org.springframework.test.context.support.DirtiesContextBeforeModesTestExecutionListener, org.springframework.test.context.support.DependencyInjectionTestExecutionListener, org.springframework.test.context.support.DirtiesContextTestExecutionListener, org.springframework.test.context.transaction.TransactionalTestExecutionListener, org.springframework.test.context.jdbc.SqlScriptsTestExecutionListener]
2021-11-04 17:11:52.749  INFO 22932 --- [main] .b.t.c.SpringBootTestContextBootstrapper : Using TestExecutionListeners: [org.springframework.test.context.web.ServletTestExecutionListener@57d7c511, org.springframework.test.context.support.DirtiesContextBeforeModesTestExecutionListener@811d8d6, org.springframework.boot.test.mock.mockito.MockitoTestExecutionListener@7f57a7a4, org.springframework.boot.test.autoconfigure.SpringBootDependencyInjectionTestExecutionListener@6dcc7696, org.springframework.test.context.support.DirtiesContextTestExecutionListener@45ac973, org.springframework.test.context.transaction.TransactionalTestExecutionListener@28b7646, org.springframework.test.context.jdbc.SqlScriptsTestExecutionListener@40239b34, org.springframework.boot.test.mock.mockito.ResetMocksTestExecutionListener@4e553d60, org.springframework.boot.test.autoconfigure.restdocs.RestDocsTestExecutionListener@1c966488, org.springframework.boot.test.autoconfigure.web.client.MockRestServiceServerResetTestExecutionListener@45f6181a, org.springframework.boot.test.autoconfigure.web.servlet.MockMvcPrintOnlyOnFailureTestExecutionListener@19d0d1ab, org.springframework.boot.test.autoconfigure.web.servlet.WebDriverTestExecutionListener@7e0941cc]
2021-11-04 17:11:52.752  INFO 22932 --- [main] tn.esprit.spring.test.EntrepriseTest     : ***startup test***
2021-11-04 17:11:52.763  INFO 22932 --- [main] tn.esprit.spring.test.EntrepriseTest     :  Entreprise ajoute: Entreprise [id=11, name=Esprit, raisonSocial=12]
2021-11-04 17:11:52.763  INFO 22932 --- [main] tn.esprit.spring.test.EntrepriseTest     :  Departemnet ajoute: Departement [id=13, name=spring, entreprise=null]
2021-11-04 17:11:52.764  INFO 22932 --- [main] tn.esprit.spring.test.EntrepriseTest     : ***test***
2021-11-04 17:11:52.791  INFO 22932 --- [main] tn.esprit.spring.test.EntrepriseTest     : Departement modifie : Departement [id=13, name=spring, entreprise=Entreprise [id=11, name=Esprit, raisonSocial=12]]
2021-11-04 17:11:52.791  INFO 22932 --- [main] tn.esprit.spring.test.EntrepriseTest     : End
2021-11-04 17:11:52.817  INFO 22932 --- [Thread-1] o.s.s.concurrent.ThreadPoolTaskExecutor  : Shutting down ExecutorService 'applicationTaskExecutor'
2021-11-04 17:11:52.818  INFO 22932 --- [Thread-1] j.LocalContainerEntityManagerFactoryBean : Closing JPA EntityManagerFactory for persistence unit 'default'
2021-11-04 17:11:52.821  INFO 22932 --- [Thread-1] com.zaxxer.hikari.HikariDataSource       : HikariPool-1 - Shutdown initiated...
2021-11-04 17:11:52.825  INFO 22932 --- [Thread-1] com.zaxxer.hikari.HikariDataSource       : HikariPool-1 - Shutdown completed.
2021-11-04 17:16:32.927  INFO 9484 --- [main] tn.esprit.spring.test.EmployeTest        : Starting EmployeTest on DESKTOP-JD2SC1T with PID 9484 (started by Amrouch in E:\4eme\Spring-wrokspace\devopsProject)
2021-11-04 17:16:32.928  INFO 9484 --- [main] tn.esprit.spring.test.EmployeTest        : No active profile set, falling back to default profiles: default
2021-11-04 17:16:33.425  INFO 9484 --- [main] .s.d.r.c.RepositoryConfigurationDelegate : Bootstrapping Spring Data repositories in DEFAULT mode.
2021-11-04 17:16:33.514  INFO 9484 --- [main] .s.d.r.c.RepositoryConfigurationDelegate : Finished Spring Data repository scanning in 80ms. Found 6 repository interfaces.
2021-11-04 17:16:33.814  INFO 9484 --- [main] trationDelegate$BeanPostProcessorChecker : Bean 'org.springframework.transaction.annotation.ProxyTransactionManagementConfiguration' of type [org.springframework.transaction.annotation.ProxyTransactionManagementConfiguration$$EnhancerBySpringCGLIB$$3027eb3d] is not eligible for getting processed by all BeanPostProcessors (for example: not eligible for auto-proxying)
2021-11-04 17:16:33.977  INFO 9484 --- [main] com.zaxxer.hikari.HikariDataSource       : HikariPool-1 - Starting...
2021-11-04 17:16:34.077  INFO 9484 --- [main] com.zaxxer.hikari.HikariDataSource       : HikariPool-1 - Start completed.
2021-11-04 17:16:34.128  INFO 9484 --- [main] o.hibernate.jpa.internal.util.LogHelper  : HHH000204: Processing PersistenceUnitInfo [
	name: default
	...]
2021-11-04 17:16:34.171  INFO 9484 --- [main] org.hibernate.Version                    : HHH000412: Hibernate Core {5.3.9.Final}
2021-11-04 17:16:34.172  INFO 9484 --- [main] org.hibernate.cfg.Environment            : HHH000206: hibernate.properties not found
2021-11-04 17:16:34.279  INFO 9484 --- [main] o.hibernate.annotations.common.Version   : HCANN000001: Hibernate Commons Annotations {5.0.4.Final}
2021-11-04 17:16:34.453  INFO 9484 --- [main] org.hibernate.dialect.Dialect            : HHH000400: Using dialect: org.hibernate.dialect.MySQL5Dialect
2021-11-04 17:16:35.152  INFO 9484 --- [main] j.LocalContainerEntityManagerFactoryBean : Initialized JPA EntityManagerFactory for persistence unit 'default'
2021-11-04 17:16:35.350  INFO 9484 --- [main] o.h.h.i.QueryTranslatorFactoryInitiator  : HHH000397: Using ASTQueryTranslatorFactory
2021-11-04 17:16:36.012  INFO 9484 --- [main] o.s.s.concurrent.ThreadPoolTaskExecutor  : Initializing ExecutorService 'applicationTaskExecutor'
2021-11-04 17:16:36.055  WARN 9484 --- [main] aWebConfiguration$JpaWebMvcConfiguration : spring.jpa.open-in-view is enabled by default. Therefore, database queries may be performed during view rendering. Explicitly configure spring.jpa.open-in-view to disable this warning
2021-11-04 17:16:36.295  INFO 9484 --- [main] tn.esprit.spring.test.EmployeTest        : Started EmployeTest in 3.565 seconds (JVM running for 4.117)
2021-11-04 17:16:36.387  INFO 9484 --- [main] tn.esprit.spring.test.EmployeTest        : startup - Ajouter Employe et departement
2021-11-04 17:16:36.452  INFO 9484 --- [main] tn.esprit.spring.test.EmployeTest        : update email employe :
2021-11-04 17:16:36.495  INFO 9484 --- [main] tn.esprit.spring.test.EmployeTest        : affecte employe a departement :
2021-11-04 17:16:36.510  INFO 9484 --- [main] tn.esprit.spring.test.EmployeTest        : desaffecte employe a departement :
2021-11-04 17:16:36.525  INFO 9484 --- [main] tn.esprit.spring.test.EmployeTest        : Delete employe
2021-11-04 17:16:36.542  INFO 9484 --- [main] tn.esprit.spring.test.EmployeTest        : Delete departement
2021-11-04 17:16:36.546  INFO 9484 --- [main] tn.esprit.spring.test.EmployeTest        : End
2021-11-04 17:16:36.551  INFO 9484 --- [main] .b.t.c.SpringBootTestContextBootstrapper : Neither @ContextConfiguration nor @ContextHierarchy found for test class [tn.esprit.spring.test.EntrepriseTest], using SpringBootContextLoader
2021-11-04 17:16:36.552  INFO 9484 --- [main] o.s.t.c.support.AbstractContextLoader    : Could not detect default resource locations for test class [tn.esprit.spring.test.EntrepriseTest]: no resource found for suffixes {-context.xml, Context.groovy}.
2021-11-04 17:16:36.552  INFO 9484 --- [main] t.c.s.AnnotationConfigContextLoaderUtils : Could not detect default configuration classes for test class [tn.esprit.spring.test.EntrepriseTest]: EntrepriseTest does not declare any static, non-private, non-final, nested classes annotated with @Configuration.
2021-11-04 17:16:36.556  INFO 9484 --- [main] .b.t.c.SpringBootTestContextBootstrapper : Found @SpringBootConfiguration tn.esprit.spring.TimesheetSpringBootCoreDataJpaMvcRest1Application for test class tn.esprit.spring.test.EntrepriseTest
2021-11-04 17:16:36.558  INFO 9484 --- [main] .b.t.c.SpringBootTestContextBootstrapper : Loaded default TestExecutionListener class names from location [META-INF/spring.factories]: [org.springframework.boot.test.mock.mockito.MockitoTestExecutionListener, org.springframework.boot.test.mock.mockito.ResetMocksTestExecutionListener, org.springframework.boot.test.autoconfigure.restdocs.RestDocsTestExecutionListener, org.springframework.boot.test.autoconfigure.web.client.MockRestServiceServerResetTestExecutionListener, org.springframework.boot.test.autoconfigure.web.servlet.MockMvcPrintOnlyOnFailureTestExecutionListener, org.springframework.boot.test.autoconfigure.web.servlet.WebDriverTestExecutionListener, org.springframework.test.context.web.ServletTestExecutionListener, org.springframework.test.context.support.DirtiesContextBeforeModesTestExecutionListener, org.springframework.test.context.support.DependencyInjectionTestExecutionListener, org.springframework.test.context.support.DirtiesContextTestExecutionListener, org.springframework.test.context.transaction.TransactionalTestExecutionListener, org.springframework.test.context.jdbc.SqlScriptsTestExecutionListener]
2021-11-04 17:16:36.558  INFO 9484 --- [main] .b.t.c.SpringBootTestContextBootstrapper : Using TestExecutionListeners: [org.springframework.test.context.web.ServletTestExecutionListener@3bac86a3, org.springframework.test.context.support.DirtiesContextBeforeModesTestExecutionListener@128ca7af, org.springframework.boot.test.mock.mockito.MockitoTestExecutionListener@3bf52f8f, org.springframework.boot.test.autoconfigure.SpringBootDependencyInjectionTestExecutionListener@57d7c511, org.springframework.test.context.support.DirtiesContextTestExecutionListener@811d8d6, org.springframework.test.context.transaction.TransactionalTestExecutionListener@7f57a7a4, org.springframework.test.context.jdbc.SqlScriptsTestExecutionListener@6dcc7696, org.springframework.boot.test.mock.mockito.ResetMocksTestExecutionListener@45ac973, org.springframework.boot.test.autoconfigure.restdocs.RestDocsTestExecutionListener@28b7646, org.springframework.boot.test.autoconfigure.web.client.MockRestServiceServerResetTestExecutionListener@40239b34, org.springframework.boot.test.autoconfigure.web.servlet.MockMvcPrintOnlyOnFailureTestExecutionListener@4e553d60, org.springframework.boot.test.autoconfigure.web.servlet.WebDriverTestExecutionListener@1c966488]
2021-11-04 17:16:36.562  INFO 9484 --- [main] tn.esprit.spring.test.EntrepriseTest     : ***startup test***
2021-11-04 17:16:36.570  INFO 9484 --- [main] tn.esprit.spring.test.EntrepriseTest     :  Entreprise ajoute: Entreprise [id=12, name=Esprit, raisonSocial=12]
2021-11-04 17:16:36.571  INFO 9484 --- [main] tn.esprit.spring.test.EntrepriseTest     :  Departemnet ajoute: Departement [id=15, name=spring, entreprise=null]
2021-11-04 17:16:36.571  INFO 9484 --- [main] tn.esprit.spring.test.EntrepriseTest     : ***test***
2021-11-04 17:16:36.596  INFO 9484 --- [main] tn.esprit.spring.test.EntrepriseTest     : Departement modifie : Departement [id=15, name=spring, entreprise=Entreprise [id=12, name=Esprit, raisonSocial=12]]
2021-11-04 17:16:36.596  INFO 9484 --- [main] tn.esprit.spring.test.EntrepriseTest     : End
2021-11-04 17:16:36.622  INFO 9484 --- [Thread-1] o.s.s.concurrent.ThreadPoolTaskExecutor  : Shutting down ExecutorService 'applicationTaskExecutor'
2021-11-04 17:16:36.623  INFO 9484 --- [Thread-1] j.LocalContainerEntityManagerFactoryBean : Closing JPA EntityManagerFactory for persistence unit 'default'
2021-11-04 17:16:36.626  INFO 9484 --- [Thread-1] com.zaxxer.hikari.HikariDataSource       : HikariPool-1 - Shutdown initiated...
2021-11-04 17:16:36.629  INFO 9484 --- [Thread-1] com.zaxxer.hikari.HikariDataSource       : HikariPool-1 - Shutdown completed.
2021-11-04 17:19:17.926  INFO 23164 --- [main] tn.esprit.spring.test.EmployeTest        : Starting EmployeTest on DESKTOP-JD2SC1T with PID 23164 (started by Amrouch in E:\4eme\Spring-wrokspace\devopsProject)
2021-11-04 17:19:17.927  INFO 23164 --- [main] tn.esprit.spring.test.EmployeTest        : No active profile set, falling back to default profiles: default
2021-11-04 17:19:18.419  INFO 23164 --- [main] .s.d.r.c.RepositoryConfigurationDelegate : Bootstrapping Spring Data repositories in DEFAULT mode.
2021-11-04 17:19:18.498  INFO 23164 --- [main] .s.d.r.c.RepositoryConfigurationDelegate : Finished Spring Data repository scanning in 72ms. Found 6 repository interfaces.
2021-11-04 17:19:18.789  INFO 23164 --- [main] trationDelegate$BeanPostProcessorChecker : Bean 'org.springframework.transaction.annotation.ProxyTransactionManagementConfiguration' of type [org.springframework.transaction.annotation.ProxyTransactionManagementConfiguration$$EnhancerBySpringCGLIB$$3027eb3d] is not eligible for getting processed by all BeanPostProcessors (for example: not eligible for auto-proxying)
2021-11-04 17:19:18.956  INFO 23164 --- [main] com.zaxxer.hikari.HikariDataSource       : HikariPool-1 - Starting...
2021-11-04 17:19:19.052  INFO 23164 --- [main] com.zaxxer.hikari.HikariDataSource       : HikariPool-1 - Start completed.
2021-11-04 17:19:19.098  INFO 23164 --- [main] o.hibernate.jpa.internal.util.LogHelper  : HHH000204: Processing PersistenceUnitInfo [
	name: default
	...]
2021-11-04 17:19:19.139  INFO 23164 --- [main] org.hibernate.Version                    : HHH000412: Hibernate Core {5.3.9.Final}
2021-11-04 17:19:19.141  INFO 23164 --- [main] org.hibernate.cfg.Environment            : HHH000206: hibernate.properties not found
2021-11-04 17:19:19.249  INFO 23164 --- [main] o.hibernate.annotations.common.Version   : HCANN000001: Hibernate Commons Annotations {5.0.4.Final}
2021-11-04 17:19:19.413  INFO 23164 --- [main] org.hibernate.dialect.Dialect            : HHH000400: Using dialect: org.hibernate.dialect.MySQL5Dialect
2021-11-04 17:19:20.134  INFO 23164 --- [main] j.LocalContainerEntityManagerFactoryBean : Initialized JPA EntityManagerFactory for persistence unit 'default'
2021-11-04 17:19:20.370  INFO 23164 --- [main] o.h.h.i.QueryTranslatorFactoryInitiator  : HHH000397: Using ASTQueryTranslatorFactory
2021-11-04 17:19:21.055  INFO 23164 --- [main] o.s.s.concurrent.ThreadPoolTaskExecutor  : Initializing ExecutorService 'applicationTaskExecutor'
2021-11-04 17:19:21.100  WARN 23164 --- [main] aWebConfiguration$JpaWebMvcConfiguration : spring.jpa.open-in-view is enabled by default. Therefore, database queries may be performed during view rendering. Explicitly configure spring.jpa.open-in-view to disable this warning
2021-11-04 17:19:21.342  INFO 23164 --- [main] tn.esprit.spring.test.EmployeTest        : Started EmployeTest in 3.635 seconds (JVM running for 4.19)
2021-11-04 17:19:21.440  INFO 23164 --- [main] tn.esprit.spring.test.EmployeTest        : startup - Ajouter Employe et departement
2021-11-04 17:19:21.506  INFO 23164 --- [main] tn.esprit.spring.test.EmployeTest        : update email employe :
2021-11-04 17:19:21.551  INFO 23164 --- [main] tn.esprit.spring.test.EmployeTest        : affecte employe a departement :
2021-11-04 17:19:21.567  INFO 23164 --- [main] tn.esprit.spring.test.EmployeTest        : desaffecte employe a departement :
2021-11-04 17:19:21.582  INFO 23164 --- [main] tn.esprit.spring.test.EmployeTest        : Delete employe
2021-11-04 17:19:21.598  INFO 23164 --- [main] tn.esprit.spring.test.EmployeTest        : Delete departement
2021-11-04 17:19:21.603  INFO 23164 --- [main] tn.esprit.spring.test.EmployeTest        : End
2021-11-04 17:19:21.609  INFO 23164 --- [main] .b.t.c.SpringBootTestContextBootstrapper : Neither @ContextConfiguration nor @ContextHierarchy found for test class [tn.esprit.spring.test.EntrepriseTest], using SpringBootContextLoader
2021-11-04 17:19:21.609  INFO 23164 --- [main] o.s.t.c.support.AbstractContextLoader    : Could not detect default resource locations for test class [tn.esprit.spring.test.EntrepriseTest]: no resource found for suffixes {-context.xml, Context.groovy}.
2021-11-04 17:19:21.609  INFO 23164 --- [main] t.c.s.AnnotationConfigContextLoaderUtils : Could not detect default configuration classes for test class [tn.esprit.spring.test.EntrepriseTest]: EntrepriseTest does not declare any static, non-private, non-final, nested classes annotated with @Configuration.
2021-11-04 17:19:21.611  INFO 23164 --- [main] .b.t.c.SpringBootTestContextBootstrapper : Found @SpringBootConfiguration tn.esprit.spring.TimesheetSpringBootCoreDataJpaMvcRest1Application for test class tn.esprit.spring.test.EntrepriseTest
2021-11-04 17:19:21.613  INFO 23164 --- [main] .b.t.c.SpringBootTestContextBootstrapper : Loaded default TestExecutionListener class names from location [META-INF/spring.factories]: [org.springframework.boot.test.mock.mockito.MockitoTestExecutionListener, org.springframework.boot.test.mock.mockito.ResetMocksTestExecutionListener, org.springframework.boot.test.autoconfigure.restdocs.RestDocsTestExecutionListener, org.springframework.boot.test.autoconfigure.web.client.MockRestServiceServerResetTestExecutionListener, org.springframework.boot.test.autoconfigure.web.servlet.MockMvcPrintOnlyOnFailureTestExecutionListener, org.springframework.boot.test.autoconfigure.web.servlet.WebDriverTestExecutionListener, org.springframework.test.context.web.ServletTestExecutionListener, org.springframework.test.context.support.DirtiesContextBeforeModesTestExecutionListener, org.springframework.test.context.support.DependencyInjectionTestExecutionListener, org.springframework.test.context.support.DirtiesContextTestExecutionListener, org.springframework.test.context.transaction.TransactionalTestExecutionListener, org.springframework.test.context.jdbc.SqlScriptsTestExecutionListener]
2021-11-04 17:19:21.614  INFO 23164 --- [main] .b.t.c.SpringBootTestContextBootstrapper : Using TestExecutionListeners: [org.springframework.test.context.web.ServletTestExecutionListener@57d7c511, org.springframework.test.context.support.DirtiesContextBeforeModesTestExecutionListener@811d8d6, org.springframework.boot.test.mock.mockito.MockitoTestExecutionListener@7f57a7a4, org.springframework.boot.test.autoconfigure.SpringBootDependencyInjectionTestExecutionListener@6dcc7696, org.springframework.test.context.support.DirtiesContextTestExecutionListener@45ac973, org.springframework.test.context.transaction.TransactionalTestExecutionListener@28b7646, org.springframework.test.context.jdbc.SqlScriptsTestExecutionListener@40239b34, org.springframework.boot.test.mock.mockito.ResetMocksTestExecutionListener@4e553d60, org.springframework.boot.test.autoconfigure.restdocs.RestDocsTestExecutionListener@1c966488, org.springframework.boot.test.autoconfigure.web.client.MockRestServiceServerResetTestExecutionListener@45f6181a, org.springframework.boot.test.autoconfigure.web.servlet.MockMvcPrintOnlyOnFailureTestExecutionListener@19d0d1ab, org.springframework.boot.test.autoconfigure.web.servlet.WebDriverTestExecutionListener@7e0941cc]
2021-11-04 17:19:21.617  INFO 23164 --- [main] tn.esprit.spring.test.EntrepriseTest     : ***startup test***
2021-11-04 17:19:21.628  INFO 23164 --- [main] tn.esprit.spring.test.EntrepriseTest     :  Entreprise ajoute: Entreprise [id=13, name=Esprit, raisonSocial=12]
2021-11-04 17:19:21.628  INFO 23164 --- [main] tn.esprit.spring.test.EntrepriseTest     :  Departemnet ajoute: Departement [id=17, name=spring, entreprise=null]
2021-11-04 17:19:21.628  INFO 23164 --- [main] tn.esprit.spring.test.EntrepriseTest     : ***test***
2021-11-04 17:19:21.652  INFO 23164 --- [main] tn.esprit.spring.test.EntrepriseTest     : Departement modifie : Departement [id=17, name=spring, entreprise=Entreprise [id=13, name=Esprit, raisonSocial=12]]
2021-11-04 17:19:21.653  INFO 23164 --- [main] tn.esprit.spring.test.EntrepriseTest     : End
2021-11-04 17:19:21.687  INFO 23164 --- [Thread-1] o.s.s.concurrent.ThreadPoolTaskExecutor  : Shutting down ExecutorService 'applicationTaskExecutor'
2021-11-04 17:19:21.688  INFO 23164 --- [Thread-1] j.LocalContainerEntityManagerFactoryBean : Closing JPA EntityManagerFactory for persistence unit 'default'
2021-11-04 17:19:21.690  INFO 23164 --- [Thread-1] com.zaxxer.hikari.HikariDataSource       : HikariPool-1 - Shutdown initiated...
2021-11-04 17:19:21.694  INFO 23164 --- [Thread-1] com.zaxxer.hikari.HikariDataSource       : HikariPool-1 - Shutdown completed.
2021-11-04 17:28:51.839  INFO 20716 --- [main] tn.esprit.spring.test.EmployeTest        : Starting EmployeTest on DESKTOP-JD2SC1T with PID 20716 (started by Amrouch in E:\4eme\Spring-wrokspace\devopsProject)
2021-11-04 17:28:51.840  INFO 20716 --- [main] tn.esprit.spring.test.EmployeTest        : No active profile set, falling back to default profiles: default
2021-11-04 17:28:52.334  INFO 20716 --- [main] .s.d.r.c.RepositoryConfigurationDelegate : Bootstrapping Spring Data repositories in DEFAULT mode.
2021-11-04 17:28:52.429  INFO 20716 --- [main] .s.d.r.c.RepositoryConfigurationDelegate : Finished Spring Data repository scanning in 85ms. Found 6 repository interfaces.
2021-11-04 17:28:52.722  INFO 20716 --- [main] trationDelegate$BeanPostProcessorChecker : Bean 'org.springframework.transaction.annotation.ProxyTransactionManagementConfiguration' of type [org.springframework.transaction.annotation.ProxyTransactionManagementConfiguration$$EnhancerBySpringCGLIB$$9686d17c] is not eligible for getting processed by all BeanPostProcessors (for example: not eligible for auto-proxying)
2021-11-04 17:28:52.890  INFO 20716 --- [main] com.zaxxer.hikari.HikariDataSource       : HikariPool-1 - Starting...
2021-11-04 17:28:53.004  INFO 20716 --- [main] com.zaxxer.hikari.HikariDataSource       : HikariPool-1 - Start completed.
2021-11-04 17:28:53.057  INFO 20716 --- [main] o.hibernate.jpa.internal.util.LogHelper  : HHH000204: Processing PersistenceUnitInfo [
	name: default
	...]
2021-11-04 17:28:53.102  INFO 20716 --- [main] org.hibernate.Version                    : HHH000412: Hibernate Core {5.3.9.Final}
2021-11-04 17:28:53.103  INFO 20716 --- [main] org.hibernate.cfg.Environment            : HHH000206: hibernate.properties not found
2021-11-04 17:28:53.208  INFO 20716 --- [main] o.hibernate.annotations.common.Version   : HCANN000001: Hibernate Commons Annotations {5.0.4.Final}
2021-11-04 17:28:53.396  INFO 20716 --- [main] org.hibernate.dialect.Dialect            : HHH000400: Using dialect: org.hibernate.dialect.MySQL5Dialect
2021-11-04 17:28:54.068  INFO 20716 --- [main] j.LocalContainerEntityManagerFactoryBean : Initialized JPA EntityManagerFactory for persistence unit 'default'
2021-11-04 17:28:54.270  INFO 20716 --- [main] o.h.h.i.QueryTranslatorFactoryInitiator  : HHH000397: Using ASTQueryTranslatorFactory
2021-11-04 17:28:54.920  INFO 20716 --- [main] o.s.s.concurrent.ThreadPoolTaskExecutor  : Initializing ExecutorService 'applicationTaskExecutor'
2021-11-04 17:28:54.961  WARN 20716 --- [main] aWebConfiguration$JpaWebMvcConfiguration : spring.jpa.open-in-view is enabled by default. Therefore, database queries may be performed during view rendering. Explicitly configure spring.jpa.open-in-view to disable this warning
2021-11-04 17:28:55.208  INFO 20716 --- [main] tn.esprit.spring.test.EmployeTest        : Started EmployeTest in 3.581 seconds (JVM running for 4.14)
2021-11-04 17:28:55.309  INFO 20716 --- [main] tn.esprit.spring.test.EmployeTest        : startup - Ajouter Employe et departement
2021-11-04 17:28:55.378  INFO 20716 --- [main] tn.esprit.spring.test.EmployeTest        : update email employe :
2021-11-04 17:28:55.421  INFO 20716 --- [main] tn.esprit.spring.test.EmployeTest        : affecte employe a departement :
2021-11-04 17:28:55.436  INFO 20716 --- [main] tn.esprit.spring.test.EmployeTest        : desaffecte employe a departement :
2021-11-04 17:28:55.449  INFO 20716 --- [main] tn.esprit.spring.test.EmployeTest        : Delete employe
2021-11-04 17:28:55.465  INFO 20716 --- [main] tn.esprit.spring.test.EmployeTest        : Delete departement
2021-11-04 17:28:55.470  INFO 20716 --- [main] tn.esprit.spring.test.EmployeTest        : End
2021-11-04 17:28:55.475  INFO 20716 --- [main] .b.t.c.SpringBootTestContextBootstrapper : Neither @ContextConfiguration nor @ContextHierarchy found for test class [tn.esprit.spring.test.EntrepriseTest], using SpringBootContextLoader
2021-11-04 17:28:55.476  INFO 20716 --- [main] o.s.t.c.support.AbstractContextLoader    : Could not detect default resource locations for test class [tn.esprit.spring.test.EntrepriseTest]: no resource found for suffixes {-context.xml, Context.groovy}.
2021-11-04 17:28:55.476  INFO 20716 --- [main] t.c.s.AnnotationConfigContextLoaderUtils : Could not detect default configuration classes for test class [tn.esprit.spring.test.EntrepriseTest]: EntrepriseTest does not declare any static, non-private, non-final, nested classes annotated with @Configuration.
2021-11-04 17:28:55.502  INFO 20716 --- [main] .b.t.c.SpringBootTestContextBootstrapper : Found @SpringBootConfiguration tn.esprit.spring.TimesheetSpringBootCoreDataJpaMvcRest1Application for test class tn.esprit.spring.test.EntrepriseTest
2021-11-04 17:28:55.504  INFO 20716 --- [main] .b.t.c.SpringBootTestContextBootstrapper : Loaded default TestExecutionListener class names from location [META-INF/spring.factories]: [org.springframework.boot.test.mock.mockito.MockitoTestExecutionListener, org.springframework.boot.test.mock.mockito.ResetMocksTestExecutionListener, org.springframework.boot.test.autoconfigure.restdocs.RestDocsTestExecutionListener, org.springframework.boot.test.autoconfigure.web.client.MockRestServiceServerResetTestExecutionListener, org.springframework.boot.test.autoconfigure.web.servlet.MockMvcPrintOnlyOnFailureTestExecutionListener, org.springframework.boot.test.autoconfigure.web.servlet.WebDriverTestExecutionListener, org.springframework.test.context.web.ServletTestExecutionListener, org.springframework.test.context.support.DirtiesContextBeforeModesTestExecutionListener, org.springframework.test.context.support.DependencyInjectionTestExecutionListener, org.springframework.test.context.support.DirtiesContextTestExecutionListener, org.springframework.test.context.transaction.TransactionalTestExecutionListener, org.springframework.test.context.jdbc.SqlScriptsTestExecutionListener]
2021-11-04 17:28:55.504  INFO 20716 --- [main] .b.t.c.SpringBootTestContextBootstrapper : Using TestExecutionListeners: [org.springframework.test.context.web.ServletTestExecutionListener@128ca7af, org.springframework.test.context.support.DirtiesContextBeforeModesTestExecutionListener@3bf52f8f, org.springframework.boot.test.mock.mockito.MockitoTestExecutionListener@57d7c511, org.springframework.boot.test.autoconfigure.SpringBootDependencyInjectionTestExecutionListener@811d8d6, org.springframework.test.context.support.DirtiesContextTestExecutionListener@7f57a7a4, org.springframework.test.context.transaction.TransactionalTestExecutionListener@6dcc7696, org.springframework.test.context.jdbc.SqlScriptsTestExecutionListener@45ac973, org.springframework.boot.test.mock.mockito.ResetMocksTestExecutionListener@28b7646, org.springframework.boot.test.autoconfigure.restdocs.RestDocsTestExecutionListener@40239b34, org.springframework.boot.test.autoconfigure.web.client.MockRestServiceServerResetTestExecutionListener@4e553d60, org.springframework.boot.test.autoconfigure.web.servlet.MockMvcPrintOnlyOnFailureTestExecutionListener@1c966488, org.springframework.boot.test.autoconfigure.web.servlet.WebDriverTestExecutionListener@45f6181a]
2021-11-04 17:28:55.507  INFO 20716 --- [main] tn.esprit.spring.test.EntrepriseTest     : ***startup test***
2021-11-04 17:28:55.515  INFO 20716 --- [main] tn.esprit.spring.test.EntrepriseTest     :  Entreprise ajoute: Entreprise [id=14, name=Esprit, raisonSocial=12]
2021-11-04 17:28:55.515  INFO 20716 --- [main] tn.esprit.spring.test.EntrepriseTest     :  Departemnet ajoute: Departement [id=19, name=spring, entreprise=null]
2021-11-04 17:28:55.515  INFO 20716 --- [main] tn.esprit.spring.test.EntrepriseTest     : ***test***
2021-11-04 17:28:55.540  INFO 20716 --- [main] tn.esprit.spring.test.EntrepriseTest     : Departement modifie : Departement [id=19, name=spring, entreprise=Entreprise [id=14, name=Esprit, raisonSocial=12]]
2021-11-04 17:28:55.541  INFO 20716 --- [main] tn.esprit.spring.test.EntrepriseTest     : End
2021-11-04 17:28:55.566  INFO 20716 --- [Thread-1] o.s.s.concurrent.ThreadPoolTaskExecutor  : Shutting down ExecutorService 'applicationTaskExecutor'
2021-11-04 17:28:55.567  INFO 20716 --- [Thread-1] j.LocalContainerEntityManagerFactoryBean : Closing JPA EntityManagerFactory for persistence unit 'default'
2021-11-04 17:28:55.569  INFO 20716 --- [Thread-1] com.zaxxer.hikari.HikariDataSource       : HikariPool-1 - Shutdown initiated...
2021-11-04 17:28:55.573  INFO 20716 --- [Thread-1] com.zaxxer.hikari.HikariDataSource       : HikariPool-1 - Shutdown completed.
2021-11-04 17:31:50.466  INFO 9468 --- [main] tn.esprit.spring.test.EmployeTest        : Starting EmployeTest on DESKTOP-JD2SC1T with PID 9468 (started by Amrouch in E:\4eme\Spring-wrokspace\devopsProject)
2021-11-04 17:31:50.467  INFO 9468 --- [main] tn.esprit.spring.test.EmployeTest        : No active profile set, falling back to default profiles: default
2021-11-04 17:31:50.951  INFO 9468 --- [main] .s.d.r.c.RepositoryConfigurationDelegate : Bootstrapping Spring Data repositories in DEFAULT mode.
2021-11-04 17:31:51.022  INFO 9468 --- [main] .s.d.r.c.RepositoryConfigurationDelegate : Finished Spring Data repository scanning in 61ms. Found 6 repository interfaces.
2021-11-04 17:31:51.307  INFO 9468 --- [main] trationDelegate$BeanPostProcessorChecker : Bean 'org.springframework.transaction.annotation.ProxyTransactionManagementConfiguration' of type [org.springframework.transaction.annotation.ProxyTransactionManagementConfiguration$$EnhancerBySpringCGLIB$$3027eb3d] is not eligible for getting processed by all BeanPostProcessors (for example: not eligible for auto-proxying)
2021-11-04 17:31:51.475  INFO 9468 --- [main] com.zaxxer.hikari.HikariDataSource       : HikariPool-1 - Starting...
2021-11-04 17:31:51.587  INFO 9468 --- [main] com.zaxxer.hikari.HikariDataSource       : HikariPool-1 - Start completed.
2021-11-04 17:31:51.634  INFO 9468 --- [main] o.hibernate.jpa.internal.util.LogHelper  : HHH000204: Processing PersistenceUnitInfo [
	name: default
	...]
2021-11-04 17:31:51.677  INFO 9468 --- [main] org.hibernate.Version                    : HHH000412: Hibernate Core {5.3.9.Final}
2021-11-04 17:31:51.678  INFO 9468 --- [main] org.hibernate.cfg.Environment            : HHH000206: hibernate.properties not found
2021-11-04 17:31:51.785  INFO 9468 --- [main] o.hibernate.annotations.common.Version   : HCANN000001: Hibernate Commons Annotations {5.0.4.Final}
2021-11-04 17:31:51.955  INFO 9468 --- [main] org.hibernate.dialect.Dialect            : HHH000400: Using dialect: org.hibernate.dialect.MySQL5Dialect
2021-11-04 17:31:52.648  INFO 9468 --- [main] j.LocalContainerEntityManagerFactoryBean : Initialized JPA EntityManagerFactory for persistence unit 'default'
2021-11-04 17:31:52.890  INFO 9468 --- [main] o.h.h.i.QueryTranslatorFactoryInitiator  : HHH000397: Using ASTQueryTranslatorFactory
2021-11-04 17:31:53.541  INFO 9468 --- [main] o.s.s.concurrent.ThreadPoolTaskExecutor  : Initializing ExecutorService 'applicationTaskExecutor'
2021-11-04 17:31:53.585  WARN 9468 --- [main] aWebConfiguration$JpaWebMvcConfiguration : spring.jpa.open-in-view is enabled by default. Therefore, database queries may be performed during view rendering. Explicitly configure spring.jpa.open-in-view to disable this warning
2021-11-04 17:31:53.828  INFO 9468 --- [main] tn.esprit.spring.test.EmployeTest        : Started EmployeTest in 3.571 seconds (JVM running for 4.147)
2021-11-04 17:31:53.919  INFO 9468 --- [main] tn.esprit.spring.test.EmployeTest        : startup - Ajouter Employe et departement
2021-11-04 17:31:53.988  INFO 9468 --- [main] tn.esprit.spring.test.EmployeTest        : update email employe :
2021-11-04 17:31:54.041  INFO 9468 --- [main] tn.esprit.spring.test.EmployeTest        : affecte employe a departement :
2021-11-04 17:31:54.055  INFO 9468 --- [main] tn.esprit.spring.test.EmployeTest        : desaffecte employe a departement :
2021-11-04 17:31:54.067  INFO 9468 --- [main] tn.esprit.spring.test.EmployeTest        : Delete employe
2021-11-04 17:31:54.083  INFO 9468 --- [main] tn.esprit.spring.test.EmployeTest        : Delete departement
2021-11-04 17:31:54.090  INFO 9468 --- [main] tn.esprit.spring.test.EmployeTest        : End
2021-11-04 17:31:54.095  INFO 9468 --- [main] .b.t.c.SpringBootTestContextBootstrapper : Neither @ContextConfiguration nor @ContextHierarchy found for test class [tn.esprit.spring.test.EntrepriseTest], using SpringBootContextLoader
2021-11-04 17:31:54.096  INFO 9468 --- [main] o.s.t.c.support.AbstractContextLoader    : Could not detect default resource locations for test class [tn.esprit.spring.test.EntrepriseTest]: no resource found for suffixes {-context.xml, Context.groovy}.
2021-11-04 17:31:54.096  INFO 9468 --- [main] t.c.s.AnnotationConfigContextLoaderUtils : Could not detect default configuration classes for test class [tn.esprit.spring.test.EntrepriseTest]: EntrepriseTest does not declare any static, non-private, non-final, nested classes annotated with @Configuration.
2021-11-04 17:31:54.097  INFO 9468 --- [main] .b.t.c.SpringBootTestContextBootstrapper : Found @SpringBootConfiguration tn.esprit.spring.TimesheetSpringBootCoreDataJpaMvcRest1Application for test class tn.esprit.spring.test.EntrepriseTest
2021-11-04 17:31:54.098  INFO 9468 --- [main] .b.t.c.SpringBootTestContextBootstrapper : Loaded default TestExecutionListener class names from location [META-INF/spring.factories]: [org.springframework.boot.test.mock.mockito.MockitoTestExecutionListener, org.springframework.boot.test.mock.mockito.ResetMocksTestExecutionListener, org.springframework.boot.test.autoconfigure.restdocs.RestDocsTestExecutionListener, org.springframework.boot.test.autoconfigure.web.client.MockRestServiceServerResetTestExecutionListener, org.springframework.boot.test.autoconfigure.web.servlet.MockMvcPrintOnlyOnFailureTestExecutionListener, org.springframework.boot.test.autoconfigure.web.servlet.WebDriverTestExecutionListener, org.springframework.test.context.web.ServletTestExecutionListener, org.springframework.test.context.support.DirtiesContextBeforeModesTestExecutionListener, org.springframework.test.context.support.DependencyInjectionTestExecutionListener, org.springframework.test.context.support.DirtiesContextTestExecutionListener, org.springframework.test.context.transaction.TransactionalTestExecutionListener, org.springframework.test.context.jdbc.SqlScriptsTestExecutionListener]
2021-11-04 17:31:54.099  INFO 9468 --- [main] .b.t.c.SpringBootTestContextBootstrapper : Using TestExecutionListeners: [org.springframework.test.context.web.ServletTestExecutionListener@57d7c511, org.springframework.test.context.support.DirtiesContextBeforeModesTestExecutionListener@811d8d6, org.springframework.boot.test.mock.mockito.MockitoTestExecutionListener@7f57a7a4, org.springframework.boot.test.autoconfigure.SpringBootDependencyInjectionTestExecutionListener@6dcc7696, org.springframework.test.context.support.DirtiesContextTestExecutionListener@45ac973, org.springframework.test.context.transaction.TransactionalTestExecutionListener@28b7646, org.springframework.test.context.jdbc.SqlScriptsTestExecutionListener@40239b34, org.springframework.boot.test.mock.mockito.ResetMocksTestExecutionListener@4e553d60, org.springframework.boot.test.autoconfigure.restdocs.RestDocsTestExecutionListener@1c966488, org.springframework.boot.test.autoconfigure.web.client.MockRestServiceServerResetTestExecutionListener@45f6181a, org.springframework.boot.test.autoconfigure.web.servlet.MockMvcPrintOnlyOnFailureTestExecutionListener@19d0d1ab, org.springframework.boot.test.autoconfigure.web.servlet.WebDriverTestExecutionListener@7e0941cc]
2021-11-04 17:31:54.102  INFO 9468 --- [main] tn.esprit.spring.test.EntrepriseTest     : ***startup test***
2021-11-04 17:31:54.112  INFO 9468 --- [main] tn.esprit.spring.test.EntrepriseTest     :  Entreprise ajoute: Entreprise [id=15, name=Esprit, raisonSocial=12]
2021-11-04 17:31:54.113  INFO 9468 --- [main] tn.esprit.spring.test.EntrepriseTest     :  Departemnet ajoute: Departement [id=21, name=spring, entreprise=null]
2021-11-04 17:31:54.113  INFO 9468 --- [main] tn.esprit.spring.test.EntrepriseTest     : ***test***
2021-11-04 17:31:54.147  INFO 9468 --- [main] tn.esprit.spring.test.EntrepriseTest     : Departement modifie : Departement [id=21, name=spring, entreprise=Entreprise [id=15, name=Esprit, raisonSocial=12]]
2021-11-04 17:31:54.147  INFO 9468 --- [main] tn.esprit.spring.test.EntrepriseTest     : End
2021-11-04 17:31:54.181  INFO 9468 --- [Thread-1] o.s.s.concurrent.ThreadPoolTaskExecutor  : Shutting down ExecutorService 'applicationTaskExecutor'
2021-11-04 17:31:54.182  INFO 9468 --- [Thread-1] j.LocalContainerEntityManagerFactoryBean : Closing JPA EntityManagerFactory for persistence unit 'default'
2021-11-04 17:31:54.185  INFO 9468 --- [Thread-1] com.zaxxer.hikari.HikariDataSource       : HikariPool-1 - Shutdown initiated...
2021-11-04 17:31:54.192  INFO 9468 --- [Thread-1] com.zaxxer.hikari.HikariDataSource       : HikariPool-1 - Shutdown completed.
